

Started GET "/" for ::1 at 2015-09-11 17:58:51 -0700

ActiveRecord::PendingMigrationError - 

Migrations are pending. To resolve this issue, run:

	bin/rake db:migrate RAILS_ENV=development

:
  activerecord (4.2.4) lib/active_record/migration.rb:392:in `check_pending!'
  activerecord (4.2.4) lib/active_record/migration.rb:373:in `call'
  actionpack (4.2.4) lib/action_dispatch/middleware/callbacks.rb:29:in `block in call'
  activesupport (4.2.4) lib/active_support/callbacks.rb:88:in `__run_callbacks__'
  activesupport (4.2.4) lib/active_support/callbacks.rb:778:in `_run_call_callbacks'
  activesupport (4.2.4) lib/active_support/callbacks.rb:81:in `run_callbacks'
  actionpack (4.2.4) lib/action_dispatch/middleware/callbacks.rb:27:in `call'
  actionpack (4.2.4) lib/action_dispatch/middleware/reloader.rb:73:in `call'
  actionpack (4.2.4) lib/action_dispatch/middleware/remote_ip.rb:78:in `call'
  better_errors (2.1.1) lib/better_errors/middleware.rb:84:in `protected_app_call'
  better_errors (2.1.1) lib/better_errors/middleware.rb:79:in `better_errors_call'
  better_errors (2.1.1) lib/better_errors/middleware.rb:57:in `call'
  actionpack (4.2.4) lib/action_dispatch/middleware/debug_exceptions.rb:17:in `call'
  actionpack (4.2.4) lib/action_dispatch/middleware/show_exceptions.rb:30:in `call'
  railties (4.2.4) lib/rails/rack/logger.rb:38:in `call_app'
  railties (4.2.4) lib/rails/rack/logger.rb:20:in `block in call'
  activesupport (4.2.4) lib/active_support/tagged_logging.rb:68:in `block in tagged'
  activesupport (4.2.4) lib/active_support/tagged_logging.rb:26:in `tagged'
  activesupport (4.2.4) lib/active_support/tagged_logging.rb:68:in `tagged'
  railties (4.2.4) lib/rails/rack/logger.rb:20:in `call'
  actionpack (4.2.4) lib/action_dispatch/middleware/request_id.rb:21:in `call'
  rack (1.6.4) lib/rack/methodoverride.rb:22:in `call'
  rack (1.6.4) lib/rack/runtime.rb:18:in `call'
  activesupport (4.2.4) lib/active_support/cache/strategy/local_cache_middleware.rb:28:in `call'
  rack (1.6.4) lib/rack/lock.rb:17:in `call'
  actionpack (4.2.4) lib/action_dispatch/middleware/static.rb:116:in `call'
  rack (1.6.4) lib/rack/sendfile.rb:113:in `call'
  railties (4.2.4) lib/rails/engine.rb:518:in `call'
  railties (4.2.4) lib/rails/application.rb:165:in `call'
  rack (1.6.4) lib/rack/lock.rb:17:in `call'
  rack (1.6.4) lib/rack/content_length.rb:15:in `call'
  rack (1.6.4) lib/rack/handler/webrick.rb:88:in `service'
  /Users/Leo/.rvm/rubies/ruby-2.2.1/lib/ruby/2.2.0/webrick/httpserver.rb:138:in `service'
  /Users/Leo/.rvm/rubies/ruby-2.2.1/lib/ruby/2.2.0/webrick/httpserver.rb:94:in `run'
  /Users/Leo/.rvm/rubies/ruby-2.2.1/lib/ruby/2.2.0/webrick/server.rb:294:in `block in start_thread'



Started POST "/__better_errors/c9d58e91ab3e4b80/variables" for ::1 at 2015-09-11 17:58:51 -0700
  [1m[36m (1.5ms)[0m  [1mCREATE TABLE "schema_migrations" ("version" varchar NOT NULL) [0m
  [1m[35m (0.2ms)[0m  select sqlite_version(*)
  [1m[36m (1.8ms)[0m  [1mCREATE UNIQUE INDEX "unique_schema_migrations" ON "schema_migrations" ("version")[0m
  [1m[35mActiveRecord::SchemaMigration Load (0.1ms)[0m  SELECT "schema_migrations".* FROM "schema_migrations"
Migrating to CreateBlogs (20150909054637)
  [1m[36m (0.2ms)[0m  [1mbegin transaction[0m
  [1m[35m (0.4ms)[0m  CREATE TABLE "blogs" ("id" INTEGER PRIMARY KEY AUTOINCREMENT NOT NULL, "title" varchar, "date" integer, "body" varchar, "author" varchar, "private" boolean, "created_at" datetime NOT NULL, "updated_at" datetime NOT NULL) 
  [1m[36mSQL (0.2ms)[0m  [1mINSERT INTO "schema_migrations" ("version") VALUES (?)[0m  [["version", "20150909054637"]]
  [1m[35m (1.1ms)[0m  commit transaction
  [1m[36mActiveRecord::SchemaMigration Load (0.2ms)[0m  [1mSELECT "schema_migrations".* FROM "schema_migrations"[0m


Started GET "/" for ::1 at 2015-09-11 17:59:10 -0700
  [1m[36mActiveRecord::SchemaMigration Load (0.1ms)[0m  [1mSELECT "schema_migrations".* FROM "schema_migrations"[0m
Processing by StaticPagesController#home as HTML
  Rendered static_pages/home.html.erb within layouts/application (3.1ms)
Completed 200 OK in 2413ms (Views: 2391.3ms | ActiveRecord: 0.0ms)


Started GET "/assets/blogs.self-e3b0c44298fc1c149afbf4c8996fb92427ae41e4649b934ca495991b7852b855.css?body=1" for ::1 at 2015-09-11 17:59:12 -0700


Started GET "/assets/jquery.self-a714331225dda820228db323939889f149aec0127aeb06255646b616ba1ca419.js?body=1" for ::1 at 2015-09-11 17:59:12 -0700


Started GET "/assets/static_pages.self-e3b0c44298fc1c149afbf4c8996fb92427ae41e4649b934ca495991b7852b855.css?body=1" for ::1 at 2015-09-11 17:59:12 -0700


Started GET "/assets/bootstrap/affix.self-f7aef9d98ee5ece34a6a92a6a15bba777d93e8d908b75c95a85088277f394200.js?body=1" for ::1 at 2015-09-11 17:59:12 -0700


Started GET "/assets/jquery_ujs.self-d456baa54c1fa6be2ec3711f0a72ddf7a5b2f34a6b4f515f33767d6207b7d4b3.js?body=1" for ::1 at 2015-09-11 17:59:12 -0700


Started GET "/assets/application.self-e80e8f2318043e8af94dddc2adad5a4f09739a8ebb323b3ab31cd71d45fd9113.css?body=1" for ::1 at 2015-09-11 17:59:12 -0700


Started GET "/assets/bootstrap/alert.self-896ab026e6823f5cef2441e07dac53d0692a5b772ac58b1ce20aa624c342d3f4.js?body=1" for ::1 at 2015-09-11 17:59:12 -0700


Started GET "/assets/bootstrap/button.self-d19f3e2bcd3a7a4d75c11b9141b3fabd2c11987da1e99c85548ec3ecf8db30c3.js?body=1" for ::1 at 2015-09-11 17:59:12 -0700


Started GET "/assets/bootstrap/carousel.self-b2e5e14483e6c31343a83861b7d487620f143d6fc2d07d5ae7544b6b225ba6be.js?body=1" for ::1 at 2015-09-11 17:59:12 -0700


Started GET "/assets/bootstrap/collapse.self-93820e9b486e375a7fb4477602def3a6f8381fa6d50938d5378297ffbe4a1248.js?body=1" for ::1 at 2015-09-11 17:59:12 -0700


Started GET "/assets/bootstrap/dropdown.self-30536ae4d54b2685c26b5787ed0eb549a9075717fe690cce6270873bedf2df00.js?body=1" for ::1 at 2015-09-11 17:59:12 -0700


Started GET "/assets/bootstrap/tab.self-9b77df34cbbb08ec93a806d6cdb741f04e3dbf3389978a0679146f2d2987bc89.js?body=1" for ::1 at 2015-09-11 17:59:12 -0700


Started GET "/assets/bootstrap/transition.self-9616c4e856b57659b67da3c6f2adcd584b5601ef4bebcdadab8ebb387d80bb25.js?body=1" for ::1 at 2015-09-11 17:59:12 -0700


Started GET "/assets/bootstrap/scrollspy.self-c5c6ed008955656d345067e9821d79f1216b8383134d08465d4aa1a33a2b93b4.js?body=1" for ::1 at 2015-09-11 17:59:12 -0700


Started GET "/assets/bootstrap/modal.self-bcfe54f3132bf16a8c5ce4289e47eba488f6522a08f49f378a037061c6c7aa4c.js?body=1" for ::1 at 2015-09-11 17:59:12 -0700


Started GET "/assets/bootstrap/tooltip.self-3aa41fbe871573b34e0ebddf31598cd5a11a9841ca85f90934ea46326e46626d.js?body=1" for ::1 at 2015-09-11 17:59:12 -0700


Started GET "/assets/bootstrap/popover.self-b73e9c9111d01148e24bbc46e096782e024dc5db630e7078cf11ed2587ef8551.js?body=1" for ::1 at 2015-09-11 17:59:12 -0700


Started GET "/assets/bootstrap-sprockets.self-fbfa5ad7d9aa0afe439ec4ff3883acc4cb92b62cb67c40d674320c9aa1d4642d.js?body=1" for ::1 at 2015-09-11 17:59:12 -0700


Started GET "/assets/turbolinks.self-c37727e9bd6b2735da5c311aa83fead54ed0be6cc8bd9a65309e9c5abe2cbfff.js?body=1" for ::1 at 2015-09-11 17:59:12 -0700


Started GET "/assets/blogs.self-877aef30ae1b040ab8a3aba4e3e309a11d7f2612f44dde450b5c157aa5f95c05.js?body=1" for ::1 at 2015-09-11 17:59:12 -0700


Started GET "/assets/static_pages.self-877aef30ae1b040ab8a3aba4e3e309a11d7f2612f44dde450b5c157aa5f95c05.js?body=1" for ::1 at 2015-09-11 17:59:12 -0700


Started GET "/assets/application.self-f8806224e027f3e3f0138ea9ce99319e298dfdb323304d1f1be6eae8e8c74724.js?body=1" for ::1 at 2015-09-11 17:59:12 -0700


Started GET "/" for ::1 at 2015-09-11 17:59:59 -0700
Processing by StaticPagesController#home as HTML
  Rendered static_pages/home.html.erb within layouts/application (0.3ms)
Completed 200 OK in 156ms (Views: 155.0ms | ActiveRecord: 0.0ms)


Started GET "/assets/application.self-e80e8f2318043e8af94dddc2adad5a4f09739a8ebb323b3ab31cd71d45fd9113.css?body=1" for ::1 at 2015-09-11 17:59:59 -0700


Started GET "/assets/blogs.self-e3b0c44298fc1c149afbf4c8996fb92427ae41e4649b934ca495991b7852b855.css?body=1" for ::1 at 2015-09-11 17:59:59 -0700


Started GET "/assets/jquery.self-a714331225dda820228db323939889f149aec0127aeb06255646b616ba1ca419.js?body=1" for ::1 at 2015-09-11 17:59:59 -0700


Started GET "/assets/bootstrap/affix.self-f7aef9d98ee5ece34a6a92a6a15bba777d93e8d908b75c95a85088277f394200.js?body=1" for ::1 at 2015-09-11 17:59:59 -0700


Started GET "/assets/static_pages.self-e3b0c44298fc1c149afbf4c8996fb92427ae41e4649b934ca495991b7852b855.css?body=1" for ::1 at 2015-09-11 17:59:59 -0700


Started GET "/assets/jquery_ujs.self-d456baa54c1fa6be2ec3711f0a72ddf7a5b2f34a6b4f515f33767d6207b7d4b3.js?body=1" for ::1 at 2015-09-11 17:59:59 -0700


Started GET "/assets/bootstrap/alert.self-896ab026e6823f5cef2441e07dac53d0692a5b772ac58b1ce20aa624c342d3f4.js?body=1" for ::1 at 2015-09-11 17:59:59 -0700


Started GET "/assets/bootstrap/button.self-d19f3e2bcd3a7a4d75c11b9141b3fabd2c11987da1e99c85548ec3ecf8db30c3.js?body=1" for ::1 at 2015-09-11 17:59:59 -0700


Started GET "/assets/bootstrap/carousel.self-b2e5e14483e6c31343a83861b7d487620f143d6fc2d07d5ae7544b6b225ba6be.js?body=1" for ::1 at 2015-09-11 17:59:59 -0700


Started GET "/assets/bootstrap/collapse.self-93820e9b486e375a7fb4477602def3a6f8381fa6d50938d5378297ffbe4a1248.js?body=1" for ::1 at 2015-09-11 17:59:59 -0700


Started GET "/assets/bootstrap/dropdown.self-30536ae4d54b2685c26b5787ed0eb549a9075717fe690cce6270873bedf2df00.js?body=1" for ::1 at 2015-09-11 17:59:59 -0700


Started GET "/assets/bootstrap/tab.self-9b77df34cbbb08ec93a806d6cdb741f04e3dbf3389978a0679146f2d2987bc89.js?body=1" for ::1 at 2015-09-11 17:59:59 -0700


Started GET "/assets/bootstrap/transition.self-9616c4e856b57659b67da3c6f2adcd584b5601ef4bebcdadab8ebb387d80bb25.js?body=1" for ::1 at 2015-09-11 17:59:59 -0700


Started GET "/assets/bootstrap/scrollspy.self-c5c6ed008955656d345067e9821d79f1216b8383134d08465d4aa1a33a2b93b4.js?body=1" for ::1 at 2015-09-11 17:59:59 -0700


Started GET "/assets/bootstrap/modal.self-bcfe54f3132bf16a8c5ce4289e47eba488f6522a08f49f378a037061c6c7aa4c.js?body=1" for ::1 at 2015-09-11 17:59:59 -0700


Started GET "/assets/bootstrap/tooltip.self-3aa41fbe871573b34e0ebddf31598cd5a11a9841ca85f90934ea46326e46626d.js?body=1" for ::1 at 2015-09-11 17:59:59 -0700


Started GET "/assets/bootstrap/popover.self-b73e9c9111d01148e24bbc46e096782e024dc5db630e7078cf11ed2587ef8551.js?body=1" for ::1 at 2015-09-11 17:59:59 -0700


Started GET "/assets/bootstrap-sprockets.self-fbfa5ad7d9aa0afe439ec4ff3883acc4cb92b62cb67c40d674320c9aa1d4642d.js?body=1" for ::1 at 2015-09-11 17:59:59 -0700


Started GET "/assets/turbolinks.self-c37727e9bd6b2735da5c311aa83fead54ed0be6cc8bd9a65309e9c5abe2cbfff.js?body=1" for ::1 at 2015-09-11 17:59:59 -0700


Started GET "/assets/blogs.self-877aef30ae1b040ab8a3aba4e3e309a11d7f2612f44dde450b5c157aa5f95c05.js?body=1" for ::1 at 2015-09-11 17:59:59 -0700


Started GET "/assets/static_pages.self-877aef30ae1b040ab8a3aba4e3e309a11d7f2612f44dde450b5c157aa5f95c05.js?body=1" for ::1 at 2015-09-11 17:59:59 -0700


Started GET "/assets/application.self-f8806224e027f3e3f0138ea9ce99319e298dfdb323304d1f1be6eae8e8c74724.js?body=1" for ::1 at 2015-09-11 17:59:59 -0700


Started GET "/blogs" for ::1 at 2015-09-11 18:00:01 -0700
Processing by BlogsController#index as HTML
  [1m[35mBlog Load (0.7ms)[0m  SELECT "blogs".* FROM "blogs"
  Rendered blogs/index.html.erb within layouts/application (4.9ms)
Completed 200 OK in 122ms (Views: 119.2ms | ActiveRecord: 0.9ms)


Started GET "/blogs" for ::1 at 2015-09-11 18:00:06 -0700
Processing by BlogsController#index as HTML
  [1m[36mBlog Load (0.2ms)[0m  [1mSELECT "blogs".* FROM "blogs"[0m
  Rendered blogs/index.html.erb within layouts/application (1.5ms)
Completed 200 OK in 220ms (Views: 218.8ms | ActiveRecord: 0.2ms)


Started GET "/blogs" for ::1 at 2015-09-11 18:00:10 -0700
Processing by BlogsController#index as HTML
  [1m[35mBlog Load (0.1ms)[0m  SELECT "blogs".* FROM "blogs"
  Rendered blogs/index.html.erb within layouts/application (0.8ms)
Completed 200 OK in 102ms (Views: 100.6ms | ActiveRecord: 0.1ms)


Started GET "/blogs/new" for ::1 at 2015-09-11 18:00:12 -0700
Processing by BlogsController#new as HTML
  Rendered blogs/new.html.erb within layouts/application (134.5ms)
Completed 200 OK in 266ms (Views: 260.7ms | ActiveRecord: 0.3ms)


Started GET "/blogs/new" for ::1 at 2015-09-11 18:07:08 -0700
Processing by BlogsController#new as HTML
  Rendered blogs/new.html.erb within layouts/application (277.5ms)
Completed 200 OK in 4933ms (Views: 4923.0ms | ActiveRecord: 0.0ms)


Started GET "/assets/custom.self-2d73f2e1a81af7d4b3385e75aa7488ad365dfd89ca9097fb0b0f22aac77e0e27.css?body=1" for ::1 at 2015-09-11 18:07:13 -0700


Started GET "/assets/jquery.self-a714331225dda820228db323939889f149aec0127aeb06255646b616ba1ca419.js?body=1" for ::1 at 2015-09-11 18:07:13 -0700


Started GET "/assets/blogs.self-e3b0c44298fc1c149afbf4c8996fb92427ae41e4649b934ca495991b7852b855.css?body=1" for ::1 at 2015-09-11 18:07:13 -0700


Started GET "/assets/jquery_ujs.self-d456baa54c1fa6be2ec3711f0a72ddf7a5b2f34a6b4f515f33767d6207b7d4b3.js?body=1" for ::1 at 2015-09-11 18:07:13 -0700


Started GET "/assets/application.self-e80e8f2318043e8af94dddc2adad5a4f09739a8ebb323b3ab31cd71d45fd9113.css?body=1" for ::1 at 2015-09-11 18:07:13 -0700


Started GET "/assets/static_pages.self-e3b0c44298fc1c149afbf4c8996fb92427ae41e4649b934ca495991b7852b855.css?body=1" for ::1 at 2015-09-11 18:07:13 -0700


Started GET "/assets/bootstrap/affix.self-f7aef9d98ee5ece34a6a92a6a15bba777d93e8d908b75c95a85088277f394200.js?body=1" for ::1 at 2015-09-11 18:07:13 -0700


Started GET "/assets/bootstrap/alert.self-896ab026e6823f5cef2441e07dac53d0692a5b772ac58b1ce20aa624c342d3f4.js?body=1" for ::1 at 2015-09-11 18:07:13 -0700


Started GET "/assets/bootstrap/button.self-d19f3e2bcd3a7a4d75c11b9141b3fabd2c11987da1e99c85548ec3ecf8db30c3.js?body=1" for ::1 at 2015-09-11 18:07:13 -0700


Started GET "/assets/bootstrap/carousel.self-b2e5e14483e6c31343a83861b7d487620f143d6fc2d07d5ae7544b6b225ba6be.js?body=1" for ::1 at 2015-09-11 18:07:13 -0700


Started GET "/assets/bootstrap/collapse.self-93820e9b486e375a7fb4477602def3a6f8381fa6d50938d5378297ffbe4a1248.js?body=1" for ::1 at 2015-09-11 18:07:13 -0700


Started GET "/assets/bootstrap/dropdown.self-30536ae4d54b2685c26b5787ed0eb549a9075717fe690cce6270873bedf2df00.js?body=1" for ::1 at 2015-09-11 18:07:13 -0700


Started GET "/assets/bootstrap/tab.self-9b77df34cbbb08ec93a806d6cdb741f04e3dbf3389978a0679146f2d2987bc89.js?body=1" for ::1 at 2015-09-11 18:07:13 -0700


Started GET "/assets/bootstrap/transition.self-9616c4e856b57659b67da3c6f2adcd584b5601ef4bebcdadab8ebb387d80bb25.js?body=1" for ::1 at 2015-09-11 18:07:13 -0700


Started GET "/assets/bootstrap/scrollspy.self-c5c6ed008955656d345067e9821d79f1216b8383134d08465d4aa1a33a2b93b4.js?body=1" for ::1 at 2015-09-11 18:07:13 -0700


Started GET "/assets/bootstrap/modal.self-bcfe54f3132bf16a8c5ce4289e47eba488f6522a08f49f378a037061c6c7aa4c.js?body=1" for ::1 at 2015-09-11 18:07:13 -0700


Started GET "/assets/bootstrap/popover.self-b73e9c9111d01148e24bbc46e096782e024dc5db630e7078cf11ed2587ef8551.js?body=1" for ::1 at 2015-09-11 18:07:13 -0700


Started GET "/assets/bootstrap/tooltip.self-3aa41fbe871573b34e0ebddf31598cd5a11a9841ca85f90934ea46326e46626d.js?body=1" for ::1 at 2015-09-11 18:07:13 -0700


Started GET "/assets/bootstrap-sprockets.self-fbfa5ad7d9aa0afe439ec4ff3883acc4cb92b62cb67c40d674320c9aa1d4642d.js?body=1" for ::1 at 2015-09-11 18:07:13 -0700


Started GET "/assets/turbolinks.self-c37727e9bd6b2735da5c311aa83fead54ed0be6cc8bd9a65309e9c5abe2cbfff.js?body=1" for ::1 at 2015-09-11 18:07:13 -0700


Started GET "/assets/blogs.self-877aef30ae1b040ab8a3aba4e3e309a11d7f2612f44dde450b5c157aa5f95c05.js?body=1" for ::1 at 2015-09-11 18:07:13 -0700


Started GET "/assets/static_pages.self-877aef30ae1b040ab8a3aba4e3e309a11d7f2612f44dde450b5c157aa5f95c05.js?body=1" for ::1 at 2015-09-11 18:07:13 -0700


Started GET "/assets/application.self-f8806224e027f3e3f0138ea9ce99319e298dfdb323304d1f1be6eae8e8c74724.js?body=1" for ::1 at 2015-09-11 18:07:13 -0700


Started GET "/" for ::1 at 2015-09-11 18:07:44 -0700
Processing by StaticPagesController#home as HTML
  Rendered static_pages/home.html.erb within layouts/application (0.4ms)
Completed 200 OK in 133ms (Views: 131.9ms | ActiveRecord: 0.0ms)


Started GET "/blogs" for ::1 at 2015-09-11 18:08:11 -0700
Processing by BlogsController#index as HTML
  [1m[36mBlog Load (0.2ms)[0m  [1mSELECT "blogs".* FROM "blogs"[0m
  Rendered blogs/index.html.erb within layouts/application (1.3ms)
Completed 200 OK in 140ms (Views: 138.6ms | ActiveRecord: 0.2ms)


Started GET "/blogs/new" for ::1 at 2015-09-11 18:08:13 -0700
Processing by BlogsController#new as HTML
  Rendered blogs/new.html.erb within layouts/application (39.4ms)
Completed 200 OK in 167ms (Views: 166.2ms | ActiveRecord: 0.0ms)


Started POST "/blogs" for ::1 at 2015-09-11 18:08:36 -0700
Processing by BlogsController#create as HTML
  Parameters: {"utf8"=>"✓", "authenticity_token"=>"vSneMoRspXIEurm+XUweRqM+2uOgHN9TCN++TeXRey0i7a6V2B9IN426TJardr0AGMHWMxH91V8bypgUn+tj0g==", "blog"=>{"title"=>"PEPSI", "author"=>"Travis", "body"=>"Travis likes PEPSI and a lot of sugar cakes"}, "commit"=>"Submit"}
  [1m[35m (0.4ms)[0m  begin transaction
  [1m[36mSQL (0.8ms)[0m  [1mINSERT INTO "blogs" ("title", "author", "body", "created_at", "updated_at") VALUES (?, ?, ?, ?, ?)[0m  [["title", "PEPSI"], ["author", "Travis"], ["body", "Travis likes PEPSI and a lot of sugar cakes"], ["created_at", "2015-09-12 01:08:36.798712"], ["updated_at", "2015-09-12 01:08:36.798712"]]
  [1m[35m (1.0ms)[0m  commit transaction
Redirected to http://localhost:3000/blogs/1
Completed 302 Found in 17ms (ActiveRecord: 2.2ms)


Started GET "/blogs/1" for ::1 at 2015-09-11 18:08:36 -0700
Processing by BlogsController#show as HTML
  Parameters: {"id"=>"1"}
  [1m[36mBlog Load (0.6ms)[0m  [1mSELECT  "blogs".* FROM "blogs" WHERE "blogs"."id" = ? LIMIT 1[0m  [["id", 1]]
  Rendered blogs/show.html.erb within layouts/application (1.2ms)
Completed 200 OK in 198ms (Views: 184.2ms | ActiveRecord: 0.6ms)


Started GET "/blogs/1/edit" for ::1 at 2015-09-11 18:08:46 -0700
Processing by BlogsController#edit as HTML
  Parameters: {"id"=>"1"}
  [1m[35mBlog Load (0.1ms)[0m  SELECT  "blogs".* FROM "blogs" WHERE "blogs"."id" = ? LIMIT 1  [["id", 1]]
  Rendered blogs/edit.html.erb within layouts/application (72.9ms)
Completed 200 OK in 261ms (Views: 259.4ms | ActiveRecord: 0.1ms)


Started PATCH "/blogs/1" for ::1 at 2015-09-11 18:09:01 -0700
Processing by BlogsController#update as HTML
  Parameters: {"utf8"=>"✓", "authenticity_token"=>"4d53AokZV8tnbdTPMj81PTfDdRxniA14+uiYw9o29xR+Ggel1Wq6ju5tIefEBZZ7jDx5zNZpB3Tp/b6aoAzv6w==", "blog"=>{"title"=>"PEPSI", "author"=>"Travis", "body"=>"Travis likes PEPSI and a lot of sugar cakes, also his weight is 350 lbs"}, "commit"=>"Submit", "id"=>"1"}
  [1m[36mBlog Load (0.8ms)[0m  [1mSELECT  "blogs".* FROM "blogs" WHERE "blogs"."id" = ? LIMIT 1[0m  [["id", 1]]
  [1m[35m (0.1ms)[0m  begin transaction
  [1m[36mSQL (0.4ms)[0m  [1mUPDATE "blogs" SET "body" = ?, "updated_at" = ? WHERE "blogs"."id" = ?[0m  [["body", "Travis likes PEPSI and a lot of sugar cakes, also his weight is 350 lbs"], ["updated_at", "2015-09-12 01:09:01.693406"], ["id", 1]]
  [1m[35m (0.9ms)[0m  commit transaction
Redirected to http://localhost:3000/blogs/1
Completed 302 Found in 10ms (ActiveRecord: 2.2ms)


Started GET "/blogs/1" for ::1 at 2015-09-11 18:09:01 -0700
Processing by BlogsController#show as HTML
  Parameters: {"id"=>"1"}
  [1m[36mBlog Load (0.1ms)[0m  [1mSELECT  "blogs".* FROM "blogs" WHERE "blogs"."id" = ? LIMIT 1[0m  [["id", 1]]
  Rendered blogs/show.html.erb within layouts/application (1.1ms)
Completed 200 OK in 241ms (Views: 240.4ms | ActiveRecord: 0.1ms)


Started GET "/blogs" for ::1 at 2015-09-11 18:09:09 -0700
Processing by BlogsController#index as HTML
  [1m[35mBlog Load (0.2ms)[0m  SELECT "blogs".* FROM "blogs"
  Rendered blogs/index.html.erb within layouts/application (1.8ms)
Completed 200 OK in 157ms (Views: 155.9ms | ActiveRecord: 0.2ms)


Started GET "/blogs/new" for ::1 at 2015-09-11 18:09:16 -0700
Processing by BlogsController#new as HTML
  Rendered blogs/new.html.erb within layouts/application (47.8ms)
Completed 200 OK in 191ms (Views: 190.2ms | ActiveRecord: 0.0ms)


Started POST "/blogs" for ::1 at 2015-09-11 18:10:28 -0700
Processing by BlogsController#create as HTML
  Parameters: {"utf8"=>"✓", "authenticity_token"=>"d97J7tkEp4ZhT1Uo6eGztuETVguLHXDqnkJx2qgoRPfoGrlJhXdKw+hPoAAf2xDwWuxa2zr8euaNV1eD0hJcCA==", "blog"=>{"title"=>"BAD GUY", "author"=>"Jackass", "body"=>"DAAAAAMN!!! GUYS NEED TO GET DRUNK!"}, "commit"=>"Submit"}
  [1m[36m (0.1ms)[0m  [1mbegin transaction[0m
  [1m[35mSQL (0.5ms)[0m  INSERT INTO "blogs" ("title", "author", "body", "created_at", "updated_at") VALUES (?, ?, ?, ?, ?)  [["title", "BAD GUY"], ["author", "Jackass"], ["body", "DAAAAAMN!!! GUYS NEED TO GET DRUNK!"], ["created_at", "2015-09-12 01:10:28.045007"], ["updated_at", "2015-09-12 01:10:28.045007"]]
  [1m[36m (1.8ms)[0m  [1mcommit transaction[0m
Redirected to http://localhost:3000/blogs/2
Completed 302 Found in 17ms (ActiveRecord: 2.3ms)


Started GET "/blogs/2" for ::1 at 2015-09-11 18:10:28 -0700
Processing by BlogsController#show as HTML
  Parameters: {"id"=>"2"}
  [1m[35mBlog Load (0.1ms)[0m  SELECT  "blogs".* FROM "blogs" WHERE "blogs"."id" = ? LIMIT 1  [["id", 2]]
  Rendered blogs/show.html.erb within layouts/application (0.9ms)
Completed 200 OK in 211ms (Views: 210.0ms | ActiveRecord: 0.1ms)


Started GET "/blogs" for ::1 at 2015-09-11 18:10:29 -0700
Processing by BlogsController#index as HTML
  [1m[36mBlog Load (0.2ms)[0m  [1mSELECT "blogs".* FROM "blogs"[0m
  Rendered blogs/index.html.erb within layouts/application (2.4ms)
Completed 200 OK in 151ms (Views: 150.4ms | ActiveRecord: 0.2ms)


Started GET "/blogs/new" for ::1 at 2015-09-11 18:10:53 -0700
Processing by BlogsController#new as HTML
  Rendered blogs/new.html.erb within layouts/application (71.3ms)
Completed 200 OK in 252ms (Views: 250.6ms | ActiveRecord: 0.0ms)


Started GET "/blogs/2/edit" for ::1 at 2015-09-11 18:11:00 -0700
Processing by BlogsController#edit as HTML
  Parameters: {"id"=>"2"}
  [1m[35mBlog Load (0.2ms)[0m  SELECT  "blogs".* FROM "blogs" WHERE "blogs"."id" = ? LIMIT 1  [["id", 2]]
  Rendered blogs/edit.html.erb within layouts/application (47.2ms)
Completed 200 OK in 171ms (Views: 169.2ms | ActiveRecord: 0.2ms)


Started GET "/" for ::1 at 2015-09-11 18:11:10 -0700
Processing by StaticPagesController#home as HTML
  Rendered static_pages/home.html.erb within layouts/application (0.3ms)
Completed 200 OK in 127ms (Views: 126.7ms | ActiveRecord: 0.0ms)


Started GET "/blogs" for ::1 at 2015-09-11 18:13:33 -0700
Processing by BlogsController#index as HTML
  [1m[36mBlog Load (1.6ms)[0m  [1mSELECT "blogs".* FROM "blogs"[0m
  Rendered blogs/index.html.erb within layouts/application (21.2ms)
Completed 200 OK in 353ms (Views: 344.7ms | ActiveRecord: 1.6ms)
